<?xml version="1.0" encoding="UTF-8"?>
<testsuite xmlns:xsi="http://www.w3.org/2001/XMLSchema-instance" xsi:noNamespaceSchemaLocation="https://maven.apache.org/surefire/maven-surefire-plugin/xsd/surefire-test-report.xsd" name="ontrack.OnTrackServiceTest" time="0.018" tests="8" errors="0" skipped="0" failures="0">
  <properties>
[...]
</properties>
  <testcase name="testMessageListIsIndependentCopy" classname="ontrack.OnTrackServiceTest" time="0.009"/>
  <testcase name="testNullMessageThrowsException" classname="ontrack.OnTrackServiceTest" time="0.001"/>
  <testcase name="testEmptyMessageDoesNotThrowError" classname="ontrack.OnTrackServiceTest" time="0.001"/>
  <testcase name="testClearOnEmptyList" classname="ontrack.OnTrackServiceTest" time="0.001"/>
  <testcase name="testAddMultipleMessages" classname="ontrack.OnTrackServiceTest" time="0"/>
  <testcase name="testClearMessages" classname="ontrack.OnTrackServiceTest" time="0.001"/>
  <testcase name="testAddSingleMessage" classname="ontrack.OnTrackServiceTest" time="0"/>
  <testcase name="testMessageTrimming" classname="ontrack.OnTrackServiceTest" time="0.001"/>
</testsuite>